<?xml version="1.0" encoding="UTF-8"?>
<testng-results ignored="0" total="1" passed="1" failed="0" skipped="0">
  <reporter-output>
  </reporter-output>
  <suite started-at="2024-02-10T07:59:37 IST" name="Default suite" finished-at="2024-02-10T07:59:44 IST" duration-ms="7535">
    <groups>
    </groups>
    <test started-at="2024-02-10T07:59:37 IST" name="Default test" finished-at="2024-02-10T07:59:44 IST" duration-ms="7535">
      <class name="log4jprac.NiiiTest">
        <test-method is-config="true" signature="beforeClass()[pri:0, instance:log4jprac.NiiiTest@3e2fc448]" started-at="2024-02-10T07:59:37 IST" name="beforeClass" finished-at="2024-02-10T07:59:43 IST" duration-ms="6806" status="PASS">
          <reporter-output>
          </reporter-output>
        </test-method> <!-- beforeClass -->
        <test-method signature="f()[pri:0, instance:log4jprac.NiiiTest@3e2fc448]" started-at="2024-02-10T07:59:43 IST" name="f" finished-at="2024-02-10T07:59:44 IST" duration-ms="108" status="PASS">
          <reporter-output>
          </reporter-output>
        </test-method> <!-- f -->
        <test-method is-config="true" signature="afterClass()[pri:0, instance:log4jprac.NiiiTest@3e2fc448]" started-at="2024-02-10T07:59:44 IST" name="afterClass" finished-at="2024-02-10T07:59:44 IST" duration-ms="326" status="PASS">
          <reporter-output>
          </reporter-output>
        </test-method> <!-- afterClass -->
      </class> <!-- log4jprac.NiiiTest -->
    </test> <!-- Default test -->
  </suite> <!-- Default suite -->
</testng-results>
